1591799739762	mozrunner::runner	INFO	Running command: "C:\\Program Files\\Mozilla Firefox\\firefox.exe" "-marionette" "-foreground" "-no-remote" "-profile" "C:\\Users\\Himanshu\\AppData\\Local\\Temp\\rust_mozprofilesoQAeW"
JavaScript error: resource://gre/modules/XULStore.jsm, line 66: Error: Can't find profile directory.
1591799742523	Marionette	INFO	Listening on port 49817
1591799743024	Marionette	WARN	TLS certificate errors will be ignored for this session
1591799746341	Marionette	INFO	Stopped listening on port 49817
1591799830053	mozrunner::runner	INFO	Running command: "C:\\Program Files\\Mozilla Firefox\\firefox.exe" "-marionette" "-foreground" "-no-remote" "-profile" "C:\\Users\\Himanshu\\AppData\\Local\\Temp\\rust_mozprofileBgKpfC"
JavaScript error: resource://gre/modules/XULStore.jsm, line 66: Error: Can't find profile directory.
1591799833008	Marionette	INFO	Listening on port 49878
1591799833354	Marionette	WARN	TLS certificate errors will be ignored for this session
1591799844192	Marionette	INFO	Stopped listening on port 49878
1591855265094	mozrunner::runner	INFO	Running command: "C:\\Program Files\\Mozilla Firefox\\firefox.exe" "-marionette" "-foreground" "-no-remote" "-profile" "C:\\Users\\Himanshu\\AppData\\Local\\Temp\\rust_mozprofilelKLIXR"
JavaScript error: resource://gre/modules/XULStore.jsm, line 66: Error: Can't find profile directory.
1591855268170	Marionette	INFO	Listening on port 50233
1591855268456	Marionette	WARN	TLS certificate errors will be ignored for this session
1591859081486	Marionette	INFO	Stopped listening on port 50233
ram Files\\Mozilla Firefox\\firefox.exe" "-marionette" "-foreground" "-no-remote" "-profile" "C:\\Users\\Himanshu\\AppData\\Local\\Temp\\rust_mozprofilexeWtXj"
JavaScript error: resource://gre/modules/XULStore.jsm, line 66: Error: Can't find profile directory.
1591857644859	Marionette	INFO	Listening on port 51019
1591857644962	Marionette	WARN	TLS certificate errors will be ignored for this session
1591859078183	Marionette	INFO	Stopped listening on port 51019
ram Files\\Mozilla Firefox\\firefox.exe" "-marionette" "-foreground" "-no-remote" "-profile" "C:\\Users\\Himanshu\\AppData\\Local\\Temp\\rust_mozprofilePr9Gz6"
JavaScript error: resource://gre/modules/XULStore.jsm, line 66: Error: Can't find profile directory.
1591857720677	Marionette	INFO	Listening on port 51084
1591857720744	Marionette	WARN	TLS certificate errors will be ignored for this session
1591859075180	Marionette	INFO	Stopped listening on port 51084
1591860902780	mozrunner::runner	INFO	Running command: "C:\\Program Files\\Mozilla Firefox\\firefox.exe" "-marionette" "-foreground" "-no-remote" "-profile" "C:\\Users\\Himanshu\\AppData\\Local\\Temp\\rust_mozprofileG23Y8p"
JavaScript error: resource://gre/modules/XULStore.jsm, line 66: Error: Can't find profile directory.
1591860906014	Marionette	INFO	Listening on port 54319
1591860906112	Marionette	WARN	TLS certificate errors will be ignored for this session
1591860918262	Marionette	INFO	Stopped listening on port 54319
1591860999926	mozrunner::runner	INFO	Running command: "C:\\Program Files\\Mozilla Firefox\\firefox.exe" "-marionette" "-foreground" "-no-remote" "-profile" "C:\\Users\\Himanshu\\AppData\\Local\\Temp\\rust_mozprofileNzyxUZ"
JavaScript error: resource://gre/modules/XULStore.jsm, line 66: Error: Can't find profile directory.
1591861003336	Marionette	INFO	Listening on port 54420
1591861003368	Marionette	WARN	TLS certificate errors will be ignored for this session
1591861016589	Marionette	INFO	Stopped listening on port 54420
1591862198775	mozrunner::runner	INFO	Running command: "C:\\Program Files\\Mozilla Firefox\\firefox.exe" "-marionette" "-foreground" "-no-remote" "-profile" "C:\\Users\\Himanshu\\AppData\\Local\\Temp\\rust_mozprofilepF8QQ1"
JavaScript error: resource://gre/modules/XULStore.jsm, line 66: Error: Can't find profile directory.
1591862202195	Marionette	INFO	Listening on port 55293
1591862202324	Marionette	WARN	TLS certificate errors will be ignored for this session
1591862214887	Marionette	INFO	Stopped listening on port 55293
D:\office\demo_apps\library\selenium_test_cases\Framework/Drivers/geckodriver.exe: error: Found argument '-e' which wasn't expected, or isn't valid in this context

USAGE:
    geckodriver.exe -v

For more information try --help

D:\office\demo_apps\library\selenium_test_cases\Framework/Drivers/geckodriver.exe: error: Found argument '-e' which wasn't expected, or isn't valid in this context

USAGE:
    geckodriver.exe -v

For more information try --help

D:\office\demo_apps\library\selenium_test_cases\Framework/Drivers/geckodriver.exe: error: Found argument '-e' which wasn't expected, or isn't valid in this context

USAGE:
    geckodriver.exe -v

For more information try --help

1591862841325	mozrunner::runner	INFO	Running command: "C:\\Program Files\\Mozilla Firefox\\firefox.exe" "-marionette" "-foreground" "-no-remote" "-profile" "C:\\Users\\Himanshu\\AppData\\Local\\Temp\\rust_mozprofileGSlG5i"
JavaScript error: resource://gre/modules/XULStore.jsm, line 66: Error: Can't find profile directory.
1591862844577	Marionette	INFO	Listening on port 55744
1591862844656	Marionette	WARN	TLS certificate errors will be ignored for this session
1591862858770	Marionette	INFO	Stopped listening on port 55744
1591863707815	mozrunner::runner	INFO	Running command: "C:\\Program Files\\Mozilla Firefox\\firefox.exe" "-marionette" "-foreground" "-no-remote" "-profile" "C:\\Users\\Himanshu\\AppData\\Local\\Temp\\rust_mozprofile59B7Qc"
JavaScript error: resource://gre/modules/XULStore.jsm, line 66: Error: Can't find profile directory.
1591863711396	Marionette	INFO	Listening on port 56483
1591863711765	Marionette	WARN	TLS certificate errors will be ignored for this session
1591863727116	Marionette	INFO	Stopped listening on port 56483
1591875457311	mozrunner::runner	INFO	Running command: "C:\\Program Files\\Mozilla Firefox\\firefox.exe" "-marionette" "-foreground" "-no-remote" "-profile" "C:\\Users\\Himanshu\\AppData\\Local\\Temp\\rust_mozprofilejqn0WI"
JavaScript error: resource://gre/modules/XULStore.jsm, line 66: Error: Can't find profile directory.
1591875460718	Marionette	INFO	Listening on port 54975
1591875461160	Marionette	WARN	TLS certificate errors will be ignored for this session
1591875485234	Marionette	INFO	Stopped listening on port 54975
1591875519050	mozrunner::runner	INFO	Running command: "C:\\Program Files\\Mozilla Firefox\\firefox.exe" "-marionette" "-foreground" "-no-remote" "-profile" "C:\\Users\\Himanshu\\AppData\\Local\\Temp\\rust_mozprofile4h3NV1"
JavaScript error: resource://gre/modules/XULStore.jsm, line 66: Error: Can't find profile directory.
1591875522213	Marionette	INFO	Listening on port 55101
1591875522360	Marionette	WARN	TLS certificate errors will be ignored for this session
1591888241737	Marionette	INFO	Stopped listening on port 55101
ram Files\\Mozilla Firefox\\firefox.exe" "-marionette" "-foreground" "-no-remote" "-profile" "C:\\Users\\Himanshu\\AppData\\Local\\Temp\\rust_mozprofilerBX40f"
JavaScript error: resource://gre/modules/XULStore.jsm, line 66: Error: Can't find profile directory.
1591875689765	Marionette	INFO	Listening on port 55374
1591875689915	Marionette	WARN	TLS certificate errors will be ignored for this session
1591888237362	Marionette	INFO	Stopped listening on port 55374
ram Files\\Mozilla Firefox\\firefox.exe" "-marionette" "-foreground" "-no-remote" "-profile" "C:\\Users\\Himanshu\\AppData\\Local\\Temp\\rust_mozprofileklXeeA"
JavaScript error: resource://gre/modules/XULStore.jsm, line 66: Error: Can't find profile directory.
1591876776662	Marionette	INFO	Listening on port 56820
1591876776817	Marionette	WARN	TLS certificate errors will be ignored for this session
1591876798323	Marionette	INFO	Stopped listening on port 56820
1591876910306	mozrunner::runner	INFO	Running command: "C:\\Program Files\\Mozilla Firefox\\firefox.exe" "-marionette" "-foreground" "-no-remote" "-profile" "C:\\Users\\Himanshu\\AppData\\Local\\Temp\\rust_mozprofileEpATc7"
JavaScript error: resource://gre/modules/XULStore.jsm, line 66: Error: Can't find profile directory.
1591876913610	Marionette	INFO	Listening on port 57519
1591876913653	Marionette	WARN	TLS certificate errors will be ignored for this session
1591876921613	Marionette	INFO	Stopped listening on port 57519
1591880919836	mozrunner::runner	INFO	Running command: "C:\\Program Files\\Mozilla Firefox\\firefox.exe" "-marionette" "-foreground" "-no-remote" "-profile" "C:\\Users\\Himanshu\\AppData\\Local\\Temp\\rust_mozprofile3P39UP"
JavaScript error: resource://gre/modules/XULStore.jsm, line 66: Error: Can't find profile directory.
1591880924153	Marionette	INFO	Listening on port 62708
1591880924418	Marionette	WARN	TLS certificate errors will be ignored for this session
1591880932643	Marionette	INFO	Stopped listening on port 62708
1591881283992	mozrunner::runner	INFO	Running command: "C:\\Program Files\\Mozilla Firefox\\firefox.exe" "-marionette" "-foreground" "-no-remote" "-profile" "C:\\Users\\Himanshu\\AppData\\Local\\Temp\\rust_mozprofilewEkMZg"
JavaScript error: resource://gre/modules/XULStore.jsm, line 66: Error: Can't find profile directory.
1591881287811	Marionette	INFO	Listening on port 63116
1591881287938	Marionette	WARN	TLS certificate errors will be ignored for this session
1591881291504	Marionette	INFO	Stopped listening on port 63116
1591881349220	mozrunner::runner	INFO	Running command: "C:\\Program Files\\Mozilla Firefox\\firefox.exe" "-marionette" "-foreground" "-no-remote" "-profile" "C:\\Users\\Himanshu\\AppData\\Local\\Temp\\rust_mozprofilek1G4xH"
JavaScript error: resource://gre/modules/XULStore.jsm, line 66: Error: Can't find profile directory.
1591881352960	Marionette	INFO	Listening on port 63240
1591881353067	Marionette	WARN	TLS certificate errors will be ignored for this session
1591881362508	Marionette	INFO	Stopped listening on port 63240
1591881413524	mozrunner::runner	INFO	Running command: "C:\\Program Files\\Mozilla Firefox\\firefox.exe" "-marionette" "-foreground" "-no-remote" "-profile" "C:\\Users\\Himanshu\\AppData\\Local\\Temp\\rust_mozprofile0sQ6s3"
JavaScript error: resource://gre/modules/XULStore.jsm, line 66: Error: Can't find profile directory.
1591881417679	Marionette	INFO	Listening on port 63370
1591881418051	Marionette	WARN	TLS certificate errors will be ignored for this session
1591881427945	Marionette	INFO	Stopped listening on port 63370
1591882054210	mozrunner::runner	INFO	Running command: "C:\\Program Files\\Mozilla Firefox\\firefox.exe" "-marionette" "-foreground" "-no-remote" "-profile" "C:\\Users\\Himanshu\\AppData\\Local\\Temp\\rust_mozprofilecPCCt6"
JavaScript error: resource://gre/modules/XULStore.jsm, line 66: Error: Can't find profile directory.
1591882058004	Marionette	INFO	Listening on port 64304
1591882058061	Marionette	WARN	TLS certificate errors will be ignored for this session
1591888241203	Marionette	INFO	Stopped listening on port 64304
ram Files\\Mozilla Firefox\\firefox.exe" "-marionette" "-foreground" "-no-remote" "-profile" "C:\\Users\\Himanshu\\AppData\\Local\\Temp\\rust_mozprofile56191S"
JavaScript error: resource://gre/modules/XULStore.jsm, line 66: Error: Can't find profile directory.
1591882132407	Marionette	INFO	Listening on port 64436
1591882132463	Marionette	WARN	TLS certificate errors will be ignored for this session
1591882140074	Marionette	INFO	Stopped listening on port 64436
1591882550932	mozrunner::runner	INFO	Running command: "C:\\Program Files\\Mozilla Firefox\\firefox.exe" "-marionette" "-foreground" "-no-remote" "-profile" "C:\\Users\\Himanshu\\AppData\\Local\\Temp\\rust_mozprofilexdNaqM"
JavaScript error: resource://gre/modules/XULStore.jsm, line 66: Error: Can't find profile directory.
1591882555384	Marionette	INFO	Listening on port 64987
1591882555453	Marionette	WARN	TLS certificate errors will be ignored for this session
1591882562929	Marionette	INFO	Stopped listening on port 64987
1591882838882	mozrunner::runner	INFO	Running command: "C:\\Program Files\\Mozilla Firefox\\firefox.exe" "-marionette" "-foreground" "-no-remote" "-profile" "C:\\Users\\Himanshu\\AppData\\Local\\Temp\\rust_mozprofile2cMx9y"
JavaScript error: resource://gre/modules/XULStore.jsm, line 66: Error: Can't find profile directory.
1591882842781	Marionette	INFO	Listening on port 65354
1591882842886	Marionette	WARN	TLS certificate errors will be ignored for this session
1591882850237	Marionette	INFO	Stopped listening on port 65354
1591883266858	mozrunner::runner	INFO	Running command: "C:\\Program Files\\Mozilla Firefox\\firefox.exe" "-marionette" "-foreground" "-no-remote" "-profile" "C:\\Users\\Himanshu\\AppData\\Local\\Temp\\rust_mozprofiles3PnSG"
JavaScript error: resource://gre/modules/XULStore.jsm, line 66: Error: Can't find profile directory.
1591883270249	Marionette	INFO	Listening on port 49492
1591883270298	Marionette	WARN	TLS certificate errors will be ignored for this session
1591883277188	Marionette	INFO	Stopped listening on port 49492
1591886412992	mozrunner::runner	INFO	Running command: "C:\\Program Files\\Mozilla Firefox\\firefox.exe" "-marionette" "-foreground" "-no-remote" "-profile" "C:\\Users\\Himanshu\\AppData\\Local\\Temp\\rust_mozprofile8LI3e3"
JavaScript error: resource://gre/modules/XULStore.jsm, line 66: Error: Can't find profile directory.
1591886416890	Marionette	INFO	Listening on port 52685
1591886416933	Marionette	WARN	TLS certificate errors will be ignored for this session
1591886433556	Marionette	INFO	Stopped listening on port 52685
1591886476302	mozrunner::runner	INFO	Running command: "C:\\Program Files\\Mozilla Firefox\\firefox.exe" "-marionette" "-foreground" "-no-remote" "-profile" "C:\\Users\\Himanshu\\AppData\\Local\\Temp\\rust_mozprofile0xs2b2"
JavaScript error: resource://gre/modules/XULStore.jsm, line 66: Error: Can't find profile directory.
1591886480719	Marionette	INFO	Listening on port 52804
1591886480778	Marionette	WARN	TLS certificate errors will be ignored for this session
1591886490377	Marionette	INFO	Stopped listening on port 52804
[Parent 14148, Gecko_IOThread] WARNING: file /builds/worker/checkouts/gecko/ipc/chromium/src/base/process_util_win.cc, line 166
1591891082897	mozrunner::runner	INFO	Running command: "C:\\Program Files\\Mozilla Firefox\\firefox.exe" "-marionette" "-foreground" "-no-remote" "-profile" "C:\\Users\\Himanshu\\AppData\\Local\\Temp\\rust_mozprofile2kQk4e"
JavaScript error: resource://gre/modules/XULStore.jsm, line 66: Error: Can't find profile directory.
1591891086724	Marionette	INFO	Listening on port 49476
1591891087223	Marionette	WARN	TLS certificate errors will be ignored for this session
JavaScript warning: https://confiant-integrations.global.ssl.fastly.net/gpt_v3l/202006101112/wrap.js, line 8: unreachable code after return statement
JavaScript warning: https://confiant-integrations.global.ssl.fastly.net/gpt_v3l/202006101112/wrap.js, line 8: unreachable code after return statement
JavaScript warning: https://confiant-integrations.global.ssl.fastly.net/gpt_v3l/202006101112/wrap.js, line 8: unreachable code after return statement
JavaScript warning: https://confiant-integrations.global.ssl.fastly.net/gpt_v3l/202006101112/wrap.js, line 8: unreachable code after return statement
JavaScript warning: https://confiant-integrations.global.ssl.fastly.net/gpt_v3l/202006101112/wrap.js, line 8: unreachable code after return statement
JavaScript warning: https://confiant-integrations.global.ssl.fastly.net/gpt_v3l/202006101112/wrap.js, line 8: unreachable code after return statement
JavaScript warning: https://confiant-integrations.global.ssl.fastly.net/gpt_v3l/202006101112/wrap.js, line 8: unreachable code after return statement
JavaScript warning: https://confiant-integrations.global.ssl.fastly.net/gpt_v3l/202006101112/wrap.js, line 8: unreachable code after return statement
JavaScript warning: https://confiant-integrations.global.ssl.fastly.net/gpt_v3l/202006101112/wrap.js, line 8: unreachable code after return statement
JavaScript warning: https://confiant-integrations.global.ssl.fastly.net/gpt_v3l/202006101112/wrap.js, line 8: unreachable code after return statement
JavaScript error: https://eus.rubiconproject.com/usync.html?p=unruly&endpoint=us-east, line 12: SecurityError: The operation is insecure.
JavaScript error: https://eus.rubiconproject.com/usync.html?us_privacy=1---, line 12: SecurityError: The operation is insecure.
1591893689768	Marionette	INFO	Stopped listening on port 49476
3385606	Marionette	INFO	Listening on port 50193
1591893385660	Marionette	WARN	TLS certificate errors will be ignored for this session
1591893393851	Marionette	INFO	Stopped listening on port 50193
1591893590864	mozrunner::runner	INFO	Running command: "C:\\Program Files\\Mozilla Firefox\\firefox.exe" "-marionette" "-foreground" "-no-remote" "-profile" "C:\\Users\\Himanshu\\AppData\\Local\\Temp\\rust_mozprofileIH083P"
JavaScript error: resource://gre/modules/XULStore.jsm, line 66: Error: Can't find profile directory.
1591893593632	Marionette	INFO	Listening on port 50255
1591893594106	Marionette	WARN	TLS certificate errors will be ignored for this session
1591893599578	Marionette	INFO	Stopped listening on port 50255
1591893665080	mozrunner::runner	INFO	Running command: "C:\\Program Files\\Mozilla Firefox\\firefox.exe" "-marionette" "-foreground" "-no-remote" "-profile" "C:\\Users\\Himanshu\\AppData\\Local\\Temp\\rust_mozprofileSqonRw"
JavaScript error: resource://gre/modules/XULStore.jsm, line 66: Error: Can't find profile directory.
1591893667932	Marionette	INFO	Listening on port 50319
1591893668298	Marionette	WARN	TLS certificate errors will be ignored for this session
1591893677756	Marionette	INFO	Stopped listening on port 50319
1591935792765	mozrunner::runner	INFO	Running command: "C:\\Program Files\\Mozilla Firefox\\firefox.exe" "-marionette" "-foreground" "-no-remote" "-profile" "C:\\Users\\Himanshu\\AppData\\Local\\Temp\\rust_mozprofile24PBCR"
JavaScript error: resource://gre/modules/XULStore.jsm, line 66: Error: Can't find profile directory.
1591935796361	Marionette	INFO	Listening on port 49467
1591935796800	Marionette	WARN	TLS certificate errors will be ignored for this session
1591935804636	Marionette	INFO	Stopped listening on port 49467
1591935848392	mozrunner::runner	INFO	Running command: "C:\\Program Files\\Mozilla Firefox\\firefox.exe" "-marionette" "-foreground" "-no-remote" "-profile" "C:\\Users\\Himanshu\\AppData\\Local\\Temp\\rust_mozprofileKKtVjr"
JavaScript error: resource://gre/modules/XULStore.jsm, line 66: Error: Can't find profile directory.
1591935851843	Marionette	INFO	Listening on port 49532
1591935852258	Marionette	WARN	TLS certificate errors will be ignored for this session
1591935862668	Marionette	INFO	Stopped listening on port 49532
1591941440294	mozrunner::runner	INFO	Running command: "C:\\Program Files\\Mozilla Firefox\\firefox.exe" "-marionette" "-foreground" "-no-remote" "-profile" "C:\\Users\\Himanshu\\AppData\\Local\\Temp\\rust_mozprofileKcXNo3"
JavaScript error: resource://gre/modules/XULStore.jsm, line 66: Error: Can't find profile directory.
1591941443441	Marionette	INFO	Listening on port 49553
1591941443655	Marionette	WARN	TLS certificate errors will be ignored for this session
1591941449159	Marionette	INFO	Stopped listening on port 49553
1591941483014	mozrunner::runner	INFO	Running command: "C:\\Program Files\\Mozilla Firefox\\firefox.exe" "-marionette" "-foreground" "-no-remote" "-profile" "C:\\Users\\Himanshu\\AppData\\Local\\Temp\\rust_mozprofilejKuQnx"
JavaScript error: resource://gre/modules/XULStore.jsm, line 66: Error: Can't find profile directory.
1591941485971	Marionette	INFO	Listening on port 49615
1591941486320	Marionette	WARN	TLS certificate errors will be ignored for this session
1591941503718	Marionette	INFO	Stopped listening on port 49615
1591941540699	mozrunner::runner	INFO	Running command: "C:\\Program Files\\Mozilla Firefox\\firefox.exe" "-marionette" "-foreground" "-no-remote" "-profile" "C:\\Users\\Himanshu\\AppData\\Local\\Temp\\rust_mozprofiledZYXLw"
JavaScript error: resource://gre/modules/XULStore.jsm, line 66: Error: Can't find profile directory.
1591941543656	Marionette	INFO	Listening on port 49678
1591941543908	Marionette	WARN	TLS certificate errors will be ignored for this session
1591941550212	Marionette	INFO	Stopped listening on port 49678
1591947211487	mozrunner::runner	INFO	Running command: "C:\\Program Files\\Mozilla Firefox\\firefox.exe" "-marionette" "-foreground" "-no-remote" "-profile" "C:\\Users\\Himanshu\\AppData\\Local\\Temp\\rust_mozprofileLkDXsZ"
JavaScript error: resource://gre/modules/XULStore.jsm, line 66: Error: Can't find profile directory.
1591947214659	Marionette	INFO	Listening on port 53614
1591947214739	Marionette	WARN	TLS certificate errors will be ignored for this session
1591947218308	Marionette	INFO	Stopped listening on port 53614
1591947375924	mozrunner::runner	INFO	Running command: "C:\\Program Files\\Mozilla Firefox\\firefox.exe" "-marionette" "-foreground" "-no-remote" "-profile" "C:\\Users\\Himanshu\\AppData\\Local\\Temp\\rust_mozprofiletHOlZw"
JavaScript error: resource://gre/modules/XULStore.jsm, line 66: Error: Can't find profile directory.
1591947379082	Marionette	INFO	Listening on port 53839
1591947379212	Marionette	WARN	TLS certificate errors will be ignored for this session
1591947392862	Marionette	INFO	Stopped listening on port 53839
1591947678422	mozrunner::runner	INFO	Running command: "C:\\Program Files\\Mozilla Firefox\\firefox.exe" "-marionette" "-foreground" "-no-remote" "-profile" "C:\\Users\\Himanshu\\AppData\\Local\\Temp\\rust_mozprofileMCOr9Y"
JavaScript error: resource://gre/modules/XULStore.jsm, line 66: Error: Can't find profile directory.
1591947681517	Marionette	INFO	Listening on port 54209
1591947681737	Marionette	WARN	TLS certificate errors will be ignored for this session
1591947687882	Marionette	INFO	Stopped listening on port 54209
1591947699726	mozrunner::runner	INFO	Running command: "C:\\Program Files\\Mozilla Firefox\\firefox.exe" "-marionette" "-foreground" "-no-remote" "-profile" "C:\\Users\\Himanshu\\AppData\\Local\\Temp\\rust_mozprofilewFmCpB"
JavaScript error: resource://gre/modules/XULStore.jsm, line 66: Error: Can't find profile directory.
1591947702990	Marionette	INFO	Listening on port 54297
1591947703056	Marionette	WARN	TLS certificate errors will be ignored for this session
1591947716749	Marionette	INFO	Stopped listening on port 54297
1591947756929	mozrunner::runner	INFO	Running command: "C:\\Program Files\\Mozilla Firefox\\firefox.exe" "-marionette" "-foreground" "-no-remote" "-profile" "C:\\Users\\Himanshu\\AppData\\Local\\Temp\\rust_mozprofileq5kO5A"
JavaScript error: resource://gre/modules/XULStore.jsm, line 66: Error: Can't find profile directory.
1591947759927	Marionette	INFO	Listening on port 54409
1591947760195	Marionette	WARN	TLS certificate errors will be ignored for this session
JavaScript error: resource://gre/modules/XULStore.jsm, line 66: Error: Can't find profile directory.
JavaScript error: resource://gre/modules/XULStore.jsm, line 66: Error: Can't find profile directory.
1591947765044	Marionette	INFO	Stopped listening on port 54409
1591948591983	mozrunner::runner	INFO	Running command: "C:\\Program Files\\Mozilla Firefox\\firefox.exe" "-marionette" "-foreground" "-no-remote" "-profile" "C:\\Users\\Himanshu\\AppData\\Local\\Temp\\rust_mozprofile9MfLMi"
JavaScript error: resource://gre/modules/XULStore.jsm, line 66: Error: Can't find profile directory.
1591948594998	Marionette	INFO	Listening on port 55263
1591948595278	Marionette	WARN	TLS certificate errors will be ignored for this session
JavaScript error: resource://gre/modules/XULStore.jsm, line 66: Error: Can't find profile directory.
JavaScript error: resource://gre/modules/XULStore.jsm, line 66: Error: Can't find profile directory.
1591948603673	Marionette	INFO	Stopped listening on port 55263
1591948684457	mozrunner::runner	INFO	Running command: "C:\\Program Files\\Mozilla Firefox\\firefox.exe" "-marionette" "-foreground" "-no-remote" "-profile" "C:\\Users\\Himanshu\\AppData\\Local\\Temp\\rust_mozprofile8le9hU"
JavaScript error: resource://gre/modules/XULStore.jsm, line 66: Error: Can't find profile directory.
1591948687198	Marionette	INFO	Listening on port 55407
1591948687263	Marionette	WARN	TLS certificate errors will be ignored for this session
JavaScript error: resource://gre/modules/XULStore.jsm, line 66: Error: Can't find profile directory.
JavaScript error: resource://gre/modules/XULStore.jsm, line 66: Error: Can't find profile directory.
1591948694426	Marionette	INFO	Stopped listening on port 55407
1591948822034	mozrunner::runner	INFO	Running command: "C:\\Program Files\\Mozilla Firefox\\firefox.exe" "-marionette" "-foreground" "-no-remote" "-profile" "C:\\Users\\Himanshu\\AppData\\Local\\Temp\\rust_mozprofileIZ2Iza"
JavaScript error: resource://gre/modules/XULStore.jsm, line 66: Error: Can't find profile directory.
1591948824778	Marionette	INFO	Listening on port 55579
1591948824809	Marionette	WARN	TLS certificate errors will be ignored for this session
JavaScript error: resource://gre/modules/XULStore.jsm, line 66: Error: Can't find profile directory.
JavaScript error: resource://gre/modules/XULStore.jsm, line 66: Error: Can't find profile directory.
1591948833886	Marionette	INFO	Stopped listening on port 55579
1591957030117	mozrunner::runner	INFO	Running command: "C:\\Program Files\\Mozilla Firefox\\firefox.exe" "-marionette" "-foreground" "-no-remote" "-profile" "C:\\Users\\Himanshu\\AppData\\Local\\Temp\\rust_mozprofilee8Q3ts"
JavaScript error: resource://gre/modules/XULStore.jsm, line 66: Error: Can't find profile directory.
1591957033053	Marionette	INFO	Listening on port 53498
1591957033372	Marionette	WARN	TLS certificate errors will be ignored for this session
1591957039760	Marionette	INFO	Stopped listening on port 53498
1591957050357	mozrunner::runner	INFO	Running command: "C:\\Program Files\\Mozilla Firefox\\firefox.exe" "-marionette" "-foreground" "-no-remote" "-profile" "C:\\Users\\Himanshu\\AppData\\Local\\Temp\\rust_mozprofileoRV7Oc"
JavaScript error: resource://gre/modules/XULStore.jsm, line 66: Error: Can't find profile directory.
1591957053500	Marionette	INFO	Listening on port 53571
1591957053592	Marionette	WARN	TLS certificate errors will be ignored for this session
JavaScript error: resource://gre/modules/XULStore.jsm, line 66: Error: Can't find profile directory.
JavaScript error: resource://gre/modules/XULStore.jsm, line 66: Error: Can't find profile directory.
1591957064299	Marionette	INFO	Stopped listening on port 53571
1591958345932	mozrunner::runner	INFO	Running command: "C:\\Program Files\\Mozilla Firefox\\firefox.exe" "-marionette" "-foreground" "-no-remote" "-profile" "C:\\Users\\Himanshu\\AppData\\Local\\Temp\\rust_mozprofilemoNaXr"
JavaScript error: resource://gre/modules/XULStore.jsm, line 66: Error: Can't find profile directory.
1591958348774	Marionette	INFO	Listening on port 54717
1591958349200	Marionette	WARN	TLS certificate errors will be ignored for this session
1591958355737	Marionette	INFO	Stopped listening on port 54717
1591958397854	mozrunner::runner	INFO	Running command: "C:\\Program Files\\Mozilla Firefox\\firefox.exe" "-marionette" "-foreground" "-no-remote" "-profile" "C:\\Users\\Himanshu\\AppData\\Local\\Temp\\rust_mozprofileY62f8q"
JavaScript error: resource://gre/modules/XULStore.jsm, line 66: Error: Can't find profile directory.
1591958400580	Marionette	INFO	Listening on port 54822
1591958401078	Marionette	WARN	TLS certificate errors will be ignored for this session
1591958404537	Marionette	INFO	Stopped listening on port 54822

###!!! [Child][RunMessage] Error: Channel closing: too late to send/recv, messages will be lost

1591958498615	mozrunner::runner	INFO	Running command: "C:\\Program Files\\Mozilla Firefox\\firefox.exe" "-marionette" "-foreground" "-no-remote" "-profile" "C:\\Users\\Himanshu\\AppData\\Local\\Temp\\rust_mozprofileJjmsyr"
JavaScript error: resource://gre/modules/XULStore.jsm, line 66: Error: Can't find profile directory.
1591958501590	Marionette	INFO	Listening on port 54966
1591958501884	Marionette	WARN	TLS certificate errors will be ignored for this session
1591958511898	Marionette	INFO	Stopped listening on port 54966
1591959565809	mozrunner::runner	INFO	Running command: "C:\\Program Files\\Mozilla Firefox\\firefox.exe" "-marionette" "-foreground" "-no-remote" "-profile" "C:\\Users\\Himanshu\\AppData\\Local\\Temp\\rust_mozprofileaI5BKR"
JavaScript error: resource://gre/modules/XULStore.jsm, line 66: Error: Can't find profile directory.
1591959568760	Marionette	INFO	Listening on port 55961
1591959569181	Marionette	WARN	TLS certificate errors will be ignored for this session
1591959582739	Marionette	INFO	Stopped listening on port 55961
1591959700087	mozrunner::runner	INFO	Running command: "C:\\Program Files\\Mozilla Firefox\\firefox.exe" "-marionette" "-foreground" "-no-remote" "-profile" "C:\\Users\\Himanshu\\AppData\\Local\\Temp\\rust_mozprofile7FEjRr"
JavaScript error: resource://gre/modules/XULStore.jsm, line 66: Error: Can't find profile directory.
1591959702853	Marionette	INFO	Listening on port 56130
1591959703289	Marionette	WARN	TLS certificate errors will be ignored for this session
1591959709418	Marionette	INFO	Stopped listening on port 56130
1592034409886	mozrunner::runner	INFO	Running command: "C:\\Program Files\\Mozilla Firefox\\firefox.exe" "-marionette" "-foreground" "-no-remote" "-profile" "C:\\Users\\Himanshu\\AppData\\Local\\Temp\\rust_mozprofileaeL7MI"
JavaScript error: resource://gre/modules/XULStore.jsm, line 66: Error: Can't find profile directory.
1592034413163	Marionette	INFO	Listening on port 50215
1592034413209	Marionette	WARN	TLS certificate errors will be ignored for this session
1592034418913	Marionette	INFO	Stopped listening on port 50215
1592034441815	mozrunner::runner	INFO	Running command: "C:\\Program Files\\Mozilla Firefox\\firefox.exe" "-marionette" "-foreground" "-no-remote" "-profile" "C:\\Users\\Himanshu\\AppData\\Local\\Temp\\rust_mozprofilef0nc6Q"
JavaScript error: resource://gre/modules/XULStore.jsm, line 66: Error: Can't find profile directory.
1592034444704	Marionette	INFO	Listening on port 50279
1592034445046	Marionette	WARN	TLS certificate errors will be ignored for this session
1592034453915	Marionette	INFO	Stopped listening on port 50279
1592034474685	mozrunner::runner	INFO	Running command: "C:\\Program Files\\Mozilla Firefox\\firefox.exe" "-marionette" "-foreground" "-no-remote" "-profile" "C:\\Users\\Himanshu\\AppData\\Local\\Temp\\rust_mozprofileHK5QkP"
JavaScript error: resource://gre/modules/XULStore.jsm, line 66: Error: Can't find profile directory.
1592034477853	Marionette	INFO	Listening on port 50337
1592034478022	Marionette	WARN	TLS certificate errors will be ignored for this session
1592034483159	Marionette	INFO	Stopped listening on port 50337
1592034496823	mozrunner::runner	INFO	Running command: "C:\\Program Files\\Mozilla Firefox\\firefox.exe" "-marionette" "-foreground" "-no-remote" "-profile" "C:\\Users\\Himanshu\\AppData\\Local\\Temp\\rust_mozprofileiMVLvs"
JavaScript error: resource://gre/modules/XULStore.jsm, line 66: Error: Can't find profile directory.
1592034499931	Marionette	INFO	Listening on port 50395
1592034500071	Marionette	WARN	TLS certificate errors will be ignored for this session
1592034505782	Marionette	INFO	Stopped listening on port 50395
1592034520726	mozrunner::runner	INFO	Running command: "C:\\Program Files\\Mozilla Firefox\\firefox.exe" "-marionette" "-foreground" "-no-remote" "-profile" "C:\\Users\\Himanshu\\AppData\\Local\\Temp\\rust_mozprofilez7MPLV"
JavaScript error: resource://gre/modules/XULStore.jsm, line 66: Error: Can't find profile directory.
1592034523586	Marionette	INFO	Listening on port 50459
1592034523947	Marionette	WARN	TLS certificate errors will be ignored for this session
JavaScript error: resource://gre/modules/XULStore.jsm, line 66: Error: Can't find profile directory.
JavaScript error: resource://gre/modules/XULStore.jsm, line 66: Error: Can't find profile directory.
1592034533050	Marionette	INFO	Stopped listening on port 50459
1592034549422	mozrunner::runner	INFO	Running command: "C:\\Program Files\\Mozilla Firefox\\firefox.exe" "-marionette" "-foreground" "-no-remote" "-profile" "C:\\Users\\Himanshu\\AppData\\Local\\Temp\\rust_mozprofilefOf2Ea"
JavaScript error: resource://gre/modules/XULStore.jsm, line 66: Error: Can't find profile directory.
1592034552398	Marionette	INFO	Listening on port 50521
1592034552696	Marionette	WARN	TLS certificate errors will be ignored for this session
1592034561549	Marionette	INFO	Stopped listening on port 50521
[Parent 2148, Gecko_IOThread] WARNING: file /builds/worker/checkouts/gecko/ipc/chromium/src/base/process_util_win.cc, line 166

###!!! [Parent][RunMessage] Error: Channel closing: too late to send/recv, messages will be lost

1592034589956	mozrunner::runner	INFO	Running command: "C:\\Program Files\\Mozilla Firefox\\firefox.exe" "-marionette" "-foreground" "-no-remote" "-profile" "C:\\Users\\Himanshu\\AppData\\Local\\Temp\\rust_mozprofilekcWSQI"
JavaScript error: resource://gre/modules/XULStore.jsm, line 66: Error: Can't find profile directory.
1592034592978	Marionette	INFO	Listening on port 50584
1592034593259	Marionette	WARN	TLS certificate errors will be ignored for this session
1592034596782	Marionette	INFO	Stopped listening on port 50584
1592034719697	mozrunner::runner	INFO	Running command: "C:\\Program Files\\Mozilla Firefox\\firefox.exe" "-marionette" "-foreground" "-no-remote" "-profile" "C:\\Users\\Himanshu\\AppData\\Local\\Temp\\rust_mozprofile58ZtMi"
JavaScript error: resource://gre/modules/XULStore.jsm, line 66: Error: Can't find profile directory.
1592034722494	Marionette	INFO	Listening on port 50643
1592034722962	Marionette	WARN	TLS certificate errors will be ignored for this session
1592034732461	Marionette	INFO	Stopped listening on port 50643
IPDL protocol error: Handler returned error code!

###!!! [Parent][DispatchAsyncMessage] Error: PLayerTransaction::Msg_ReleaseLayer Processing error: message was deserialized, but the handler returned false (indicating failure)

IPDL protocol error: Handler returned error code!

###!!! [Parent][DispatchAsyncMessage] Error: PLayerTransaction::Msg_ReleaseLayer Processing error: message was deserialized, but the handler returned false (indicating failure)

IPDL protocol error: Handler returned error code!

###!!! [Parent][DispatchAsyncMessage] Error: PLayerTransaction::Msg_ReleaseLayer Processing error: message was deserialized, but the handler returned false (indicating failure)

IPDL protocol error: Handler returned error code!

###!!! [Parent][DispatchAsyncMessage] Error: PLayerTransaction::Msg_ReleaseLayer Processing error: message was deserialized, but the handler returned false (indicating failure)

IPDL protocol error: Handler returned error code!

###!!! [Parent][DispatchAsyncMessage] Error: PLayerTransaction::Msg_ReleaseLayer Processing error: message was deserialized, but the handler returned false (indicating failure)

IPDL protocol error: Handler returned error code!

###!!! [Parent][DispatchAsyncMessage] Error: PLayerTransaction::Msg_ReleaseLayer Processing error: message was deserialized, but the handler returned false (indicating failure)

IPDL protocol error: Handler returned error code!

###!!! [Parent][DispatchAsyncMessage] Error: PLayerTransaction::Msg_ReleaseLayer Processing error: message was deserialized, but the handler returned false (indicating failure)

IPDL protocol error: Handler returned error code!

###!!! [Parent][DispatchAsyncMessage] Error: PLayerTransaction::Msg_ReleaseLayer Processing error: message was deserialized, but the handler returned false (indicating failure)

IPDL protocol error: Handler returned error code!

###!!! [Parent][DispatchAsyncMessage] Error: PLayerTransaction::Msg_ReleaseLayer Processing error: message was deserialized, but the handler returned false (indicating failure)

IPDL protocol error: Handler returned error code!

###!!! [Parent][DispatchAsyncMessage] Error: PLayerTransaction::Msg_ReleaseLayer Processing error: message was deserialized, but the handler returned false (indicating failure)

1592034744567	mozrunner::runner	INFO	Running command: "C:\\Program Files\\Mozilla Firefox\\firefox.exe" "-marionette" "-foreground" "-no-remote" "-profile" "C:\\Users\\Himanshu\\AppData\\Local\\Temp\\rust_mozprofileufKeXx"
JavaScript error: resource://gre/modules/XULStore.jsm, line 66: Error: Can't find profile directory.
1592034747837	Marionette	INFO	Listening on port 50714
1592034747895	Marionette	WARN	TLS certificate errors will be ignored for this session
1592034757913	Marionette	INFO	Stopped listening on port 50714

###!!! [Child][RunMessage] Error: Channel closing: too late to send/recv, messages will be lost

1592034775764	mozrunner::runner	INFO	Running command: "C:\\Program Files\\Mozilla Firefox\\firefox.exe" "-marionette" "-foreground" "-no-remote" "-profile" "C:\\Users\\Himanshu\\AppData\\Local\\Temp\\rust_mozprofilemV5FtY"
JavaScript error: resource://gre/modules/XULStore.jsm, line 66: Error: Can't find profile directory.
1592034778851	Marionette	INFO	Listening on port 50778
1592034779047	Marionette	WARN	TLS certificate errors will be ignored for this session
1592034788142	Marionette	INFO	Stopped listening on port 50778
1592034805798	mozrunner::runner	INFO	Running command: "C:\\Program Files\\Mozilla Firefox\\firefox.exe" "-marionette" "-foreground" "-no-remote" "-profile" "C:\\Users\\Himanshu\\AppData\\Local\\Temp\\rust_mozprofiletaigov"
JavaScript error: resource://gre/modules/XULStore.jsm, line 66: Error: Can't find profile directory.
1592034809104	Marionette	INFO	Listening on port 50844
1592034809154	Marionette	WARN	TLS certificate errors will be ignored for this session
1592034816044	Marionette	INFO	Stopped listening on port 50844
1592034851294	mozrunner::runner	INFO	Running command: "C:\\Program Files\\Mozilla Firefox\\firefox.exe" "-marionette" "-foreground" "-no-remote" "-profile" "C:\\Users\\Himanshu\\AppData\\Local\\Temp\\rust_mozprofileYBY1pQ"
JavaScript error: resource://gre/modules/XULStore.jsm, line 66: Error: Can't find profile directory.
1592034854388	Marionette	INFO	Listening on port 50901
1592034854525	Marionette	WARN	TLS certificate errors will be ignored for this session
JavaScript error: resource://gre/modules/XULStore.jsm, line 66: Error: Can't find profile directory.
JavaScript error: resource://gre/modules/XULStore.jsm, line 66: Error: Can't find profile directory.
1592034864202	Marionette	INFO	Stopped listening on port 50901
1592034872366	mozrunner::runner	INFO	Running command: "C:\\Program Files\\Mozilla Firefox\\firefox.exe" "-marionette" "-foreground" "-no-remote" "-profile" "C:\\Users\\Himanshu\\AppData\\Local\\Temp\\rust_mozprofileO806GG"
JavaScript error: resource://gre/modules/XULStore.jsm, line 66: Error: Can't find profile directory.
1592034875639	Marionette	INFO	Listening on port 50967
1592034875698	Marionette	WARN	TLS certificate errors will be ignored for this session
JavaScript error: resource://gre/modules/XULStore.jsm, line 66: Error: Can't find profile directory.
JavaScript error: resource://gre/modules/XULStore.jsm, line 66: Error: Can't find profile directory.
1592034885002	Marionette	INFO	Stopped listening on port 50967
1592034898806	mozrunner::runner	INFO	Running command: "C:\\Program Files\\Mozilla Firefox\\firefox.exe" "-marionette" "-foreground" "-no-remote" "-profile" "C:\\Users\\Himanshu\\AppData\\Local\\Temp\\rust_mozprofile5jPdOL"
JavaScript error: resource://gre/modules/XULStore.jsm, line 66: Error: Can't find profile directory.
1592034902003	Marionette	INFO	Listening on port 51030
1592034902064	Marionette	WARN	TLS certificate errors will be ignored for this session
1592034911805	Marionette	INFO	Stopped listening on port 51030
[Parent 8240, Gecko_IOThread] WARNING: file /builds/worker/checkouts/gecko/ipc/chromium/src/base/process_util_win.cc, line 166
1592034921145	mozrunner::runner	INFO	Running command: "C:\\Program Files\\Mozilla Firefox\\firefox.exe" "-marionette" "-foreground" "-no-remote" "-profile" "C:\\Users\\Himanshu\\AppData\\Local\\Temp\\rust_mozprofilemMuWiX"
JavaScript error: resource://gre/modules/XULStore.jsm, line 66: Error: Can't find profile directory.
1592034924410	Marionette	INFO	Listening on port 51093
1592034924552	Marionette	WARN	TLS certificate errors will be ignored for this session
1592034932387	Marionette	INFO	Stopped listening on port 51093
